<?xml version="1.0" encoding="UTF-8" standalone="no"?>
<!DOCTYPE log SYSTEM "logger.dtd">
<log>
<record>
  <date>2026-03-19T00:06:09.262126900Z</date>
  <millis>1773878769262</millis>
  <nanos>126900</nanos>
  <sequence>0</sequence>
  <logger>config.LoggingExample</logger>
  <level>FINEST</level>
  <class>config.LoggingExample</class>
  <method>main</method>
  <thread>1</thread>
  <message>Logging a FINEST message. Contains info of the smallest possible detail.</message>
</record>
<record>
  <date>2026-03-19T00:06:09.272620100Z</date>
  <millis>1773878769272</millis>
  <nanos>620100</nanos>
  <sequence>1</sequence>
  <logger>config.LoggingExample</logger>
  <level>FINER</level>
  <class>config.LoggingExample</class>
  <method>main</method>
  <thread>1</thread>
  <message>Logging a FINER message. Contains info of a smaller detail.</message>
</record>
<record>
  <date>2026-03-19T00:06:09.272620100Z</date>
  <millis>1773878769272</millis>
  <nanos>620100</nanos>
  <sequence>2</sequence>
  <logger>config.LoggingExample</logger>
  <level>FINE</level>
  <class>config.LoggingExample</class>
  <method>main</method>
  <thread>1</thread>
  <message>Logging a FINE message. Contains info a small detail.</message>
</record>
<record>
  <date>2026-03-19T00:06:09.272620100Z</date>
  <millis>1773878769272</millis>
  <nanos>620100</nanos>
  <sequence>3</sequence>
  <logger>config.LoggingExample</logger>
  <level>CONFIG</level>
  <class>config.LoggingExample</class>
  <method>main</method>
  <thread>1</thread>
  <message>Logging a CONFIG message. Some configuration detail about the program.</message>
</record>
<record>
  <date>2026-03-19T00:06:09.272620100Z</date>
  <millis>1773878769272</millis>
  <nanos>620100</nanos>
  <sequence>4</sequence>
  <logger>config.LoggingExample</logger>
  <level>INFO</level>
  <class>config.LoggingExample</class>
  <method>main</method>
  <thread>1</thread>
  <message>Logging a INFO message. Contains some important information.</message>
</record>
<record>
  <date>2026-03-19T00:06:09.272620100Z</date>
  <millis>1773878769272</millis>
  <nanos>620100</nanos>
  <sequence>5</sequence>
  <logger>config.LoggingExample</logger>
  <level>WARNING</level>
  <class>config.LoggingExample</class>
  <method>main</method>
  <thread>1</thread>
  <message>Logging a WARNING message. Usually should take a look at...</message>
</record>
<record>
  <date>2026-03-19T00:06:09.272620100Z</date>
  <millis>1773878769272</millis>
  <nanos>620100</nanos>
  <sequence>6</sequence>
  <logger>config.LoggingExample</logger>
  <level>SEVERE</level>
  <class>config.LoggingExample</class>
  <method>main</method>
  <thread>1</thread>
  <message>Logging a SEVERE message. Something fatal happened.</message>
</record>
</log>
<?xml version="1.0" encoding="UTF-8" standalone="no"?>
<!DOCTYPE log SYSTEM "logger.dtd">
<log>
<record>
  <date>2026-03-19T00:07:44.643613300Z</date>
  <millis>1773878864643</millis>
  <nanos>613300</nanos>
  <sequence>0</sequence>
  <logger>config.LoggingExample</logger>
  <level>FINEST</level>
  <class>config.LoggingExample</class>
  <method>main</method>
  <thread>1</thread>
  <message>Logging a FINEST message. Contains info of the smallest possible detail.</message>
</record>
<record>
  <date>2026-03-19T00:07:44.654612500Z</date>
  <millis>1773878864654</millis>
  <nanos>612500</nanos>
  <sequence>1</sequence>
  <logger>config.LoggingExample</logger>
  <level>FINER</level>
  <class>config.LoggingExample</class>
  <method>main</method>
  <thread>1</thread>
  <message>Logging a FINER message. Contains info of a smaller detail.</message>
</record>
<record>
  <date>2026-03-19T00:07:44.655613700Z</date>
  <millis>1773878864655</millis>
  <nanos>613700</nanos>
  <sequence>2</sequence>
  <logger>config.LoggingExample</logger>
  <level>FINE</level>
  <class>config.LoggingExample</class>
  <method>main</method>
  <thread>1</thread>
  <message>Logging a FINE message. Contains info a small detail.</message>
</record>
<record>
  <date>2026-03-19T00:07:44.655613700Z</date>
  <millis>1773878864655</millis>
  <nanos>613700</nanos>
  <sequence>3</sequence>
  <logger>config.LoggingExample</logger>
  <level>CONFIG</level>
  <class>config.LoggingExample</class>
  <method>main</method>
  <thread>1</thread>
  <message>Logging a CONFIG message. Some configuration detail about the program.</message>
</record>
<record>
  <date>2026-03-19T00:07:44.655613700Z</date>
  <millis>1773878864655</millis>
  <nanos>613700</nanos>
  <sequence>4</sequence>
  <logger>config.LoggingExample</logger>
  <level>INFO</level>
  <class>config.LoggingExample</class>
  <method>main</method>
  <thread>1</thread>
  <message>Logging a INFO message. Contains some important information.</message>
</record>
<record>
  <date>2026-03-19T00:07:44.655613700Z</date>
  <millis>1773878864655</millis>
  <nanos>613700</nanos>
  <sequence>5</sequence>
  <logger>config.LoggingExample</logger>
  <level>WARNING</level>
  <class>config.LoggingExample</class>
  <method>main</method>
  <thread>1</thread>
  <message>Logging a WARNING message. Usually should take a look at...</message>
</record>
<record>
  <date>2026-03-19T00:07:44.656611600Z</date>
  <millis>1773878864656</millis>
  <nanos>611600</nanos>
  <sequence>6</sequence>
  <logger>config.LoggingExample</logger>
  <level>SEVERE</level>
  <class>config.LoggingExample</class>
  <method>main</method>
  <thread>1</thread>
  <message>Logging a SEVERE message. Something fatal happened.</message>
</record>
</log>
<?xml version="1.0" encoding="UTF-8" standalone="no"?>
<!DOCTYPE log SYSTEM "logger.dtd">
<log>
<record>
  <date>2026-03-19T00:07:48.166212200Z</date>
  <millis>1773878868166</millis>
  <nanos>212200</nanos>
  <sequence>0</sequence>
  <logger>config.LoggingExample</logger>
  <level>FINEST</level>
  <class>config.LoggingExample</class>
  <method>main</method>
  <thread>1</thread>
  <message>Logging a FINEST message. Contains info of the smallest possible detail.</message>
</record>
<record>
  <date>2026-03-19T00:07:48.166212200Z</date>
  <millis>1773878868166</millis>
  <nanos>212200</nanos>
  <sequence>1</sequence>
  <logger>config.LoggingExample</logger>
  <level>FINER</level>
  <class>config.LoggingExample</class>
  <method>main</method>
  <thread>1</thread>
  <message>Logging a FINER message. Contains info of a smaller detail.</message>
</record>
<record>
  <date>2026-03-19T00:07:48.166212200Z</date>
  <millis>1773878868166</millis>
  <nanos>212200</nanos>
  <sequence>2</sequence>
  <logger>config.LoggingExample</logger>
  <level>FINE</level>
  <class>config.LoggingExample</class>
  <method>main</method>
  <thread>1</thread>
  <message>Logging a FINE message. Contains info a small detail.</message>
</record>
<record>
  <date>2026-03-19T00:07:48.166212200Z</date>
  <millis>1773878868166</millis>
  <nanos>212200</nanos>
  <sequence>3</sequence>
  <logger>config.LoggingExample</logger>
  <level>CONFIG</level>
  <class>config.LoggingExample</class>
  <method>main</method>
  <thread>1</thread>
  <message>Logging a CONFIG message. Some configuration detail about the program.</message>
</record>
<record>
  <date>2026-03-19T00:07:48.166212200Z</date>
  <millis>1773878868166</millis>
  <nanos>212200</nanos>
  <sequence>4</sequence>
  <logger>config.LoggingExample</logger>
  <level>INFO</level>
  <class>config.LoggingExample</class>
  <method>main</method>
  <thread>1</thread>
  <message>Logging a INFO message. Contains some important information.</message>
</record>
<record>
  <date>2026-03-19T00:07:48.166212200Z</date>
  <millis>1773878868166</millis>
  <nanos>212200</nanos>
  <sequence>5</sequence>
  <logger>config.LoggingExample</logger>
  <level>WARNING</level>
  <class>config.LoggingExample</class>
  <method>main</method>
  <thread>1</thread>
  <message>Logging a WARNING message. Usually should take a look at...</message>
</record>
<record>
  <date>2026-03-19T00:07:48.166212200Z</date>
  <millis>1773878868166</millis>
  <nanos>212200</nanos>
  <sequence>6</sequence>
  <logger>config.LoggingExample</logger>
  <level>SEVERE</level>
  <class>config.LoggingExample</class>
  <method>main</method>
  <thread>1</thread>
  <message>Logging a SEVERE message. Something fatal happened.</message>
</record>
</log>
<?xml version="1.0" encoding="UTF-8" standalone="no"?>
<!DOCTYPE log SYSTEM "logger.dtd">
<log>
<record>
  <date>2026-03-19T00:07:51.396932200Z</date>
  <millis>1773878871396</millis>
  <nanos>932200</nanos>
  <sequence>0</sequence>
  <logger>config.LoggingExample</logger>
  <level>FINEST</level>
  <class>config.LoggingExample</class>
  <method>main</method>
  <thread>1</thread>
  <message>Logging a FINEST message. Contains info of the smallest possible detail.</message>
</record>
<record>
  <date>2026-03-19T00:07:51.412643900Z</date>
  <millis>1773878871412</millis>
  <nanos>643900</nanos>
  <sequence>1</sequence>
  <logger>config.LoggingExample</logger>
  <level>FINER</level>
  <class>config.LoggingExample</class>
  <method>main</method>
  <thread>1</thread>
  <message>Logging a FINER message. Contains info of a smaller detail.</message>
</record>
<record>
  <date>2026-03-19T00:07:51.412643900Z</date>
  <millis>1773878871412</millis>
  <nanos>643900</nanos>
  <sequence>2</sequence>
  <logger>config.LoggingExample</logger>
  <level>FINE</level>
  <class>config.LoggingExample</class>
  <method>main</method>
  <thread>1</thread>
  <message>Logging a FINE message. Contains info a small detail.</message>
</record>
<record>
  <date>2026-03-19T00:07:51.412643900Z</date>
  <millis>1773878871412</millis>
  <nanos>643900</nanos>
  <sequence>3</sequence>
  <logger>config.LoggingExample</logger>
  <level>CONFIG</level>
  <class>config.LoggingExample</class>
  <method>main</method>
  <thread>1</thread>
  <message>Logging a CONFIG message. Some configuration detail about the program.</message>
</record>
<record>
  <date>2026-03-19T00:07:51.412643900Z</date>
  <millis>1773878871412</millis>
  <nanos>643900</nanos>
  <sequence>4</sequence>
  <logger>config.LoggingExample</logger>
  <level>INFO</level>
  <class>config.LoggingExample</class>
  <method>main</method>
  <thread>1</thread>
  <message>Logging a INFO message. Contains some important information.</message>
</record>
<record>
  <date>2026-03-19T00:07:51.412643900Z</date>
  <millis>1773878871412</millis>
  <nanos>643900</nanos>
  <sequence>5</sequence>
  <logger>config.LoggingExample</logger>
  <level>WARNING</level>
  <class>config.LoggingExample</class>
  <method>main</method>
  <thread>1</thread>
  <message>Logging a WARNING message. Usually should take a look at...</message>
</record>
<record>
  <date>2026-03-19T00:07:51.412643900Z</date>
  <millis>1773878871412</millis>
  <nanos>643900</nanos>
  <sequence>6</sequence>
  <logger>config.LoggingExample</logger>
  <level>SEVERE</level>
  <class>config.LoggingExample</class>
  <method>main</method>
  <thread>1</thread>
  <message>Logging a SEVERE message. Something fatal happened.</message>
</record>
</log>
